#-----------------------------------------------------------
# xsim v2020.1 (64-bit)
# SW Build 2902540 on Wed May 27 19:54:35 MDT 2020
# IP Build 2902112 on Wed May 27 22:43:36 MDT 2020
# Start of session at: Sun May  1 12:27:37 2022
# Process ID: 51769
# Current directory: /mnt/5a853c24-31e3-4d80-9826-512f6bd995e7/saurav/Academics/EE5332/Project/Kalman-Bhai/src/bluespec
# Command line: xsim -mode tcl -source {xsim.dir/a.out.xsim/xsim_script.tcl}
# Log file: /mnt/5a853c24-31e3-4d80-9826-512f6bd995e7/saurav/Academics/EE5332/Project/Kalman-Bhai/src/bluespec/xsim.log
# Journal file: /mnt/5a853c24-31e3-4d80-9826-512f6bd995e7/saurav/Academics/EE5332/Project/Kalman-Bhai/src/bluespec/xsim.jou
#-----------------------------------------------------------
source xsim.dir/a.out.xsim/xsim_script.tcl
# xsim {a.out.xsim} -autoloadwcfg -tclbatch {a.out.xsim.tcl}
Vivado Simulator 2020.1
Time resolution is 1 ps
source a.out.xsim.tcl
## run all
                   5
MAC: 
0.00000

                  15
MAC: 
0.00000

                  25
MAC: 
0.00000

                  35 [MAC] method reached, putA

                  35 [TB] doing the put

                  35 [MAC] method reached, putA

                  35
MAC: 
0.00000

                  35 [MAC] rule reached, performing compute

                  45
MAC: 
0.00498

                  55 [MAC] method reached, putA

                  55 [TB] doing the put

                  55 [MAC] method reached, putA

                  55
MAC: 
0.00498

                  55 [MAC] rule reached, performing compute

                  65
MAC: 
0.17164

                  75
MAC: 
0.17164

                  85
MAC: 
0.17164

                  95
MAC: 
0.17164

                 105
MAC: 
0.17164

$finish called at time : 105 ns : File "/mnt/5a853c24-31e3-4d80-9826-512f6bd995e7/saurav/Academics/EE5332/Project/Kalman-Bhai/src/bluespec/verilog/mk_tb_pe.v" Line 279
## quit
INFO: [Common 17-206] Exiting xsim at Sun May  1 12:27:45 2022...
